<?xml version="1.0" encoding="UTF-8"?>
<testsuite xmlns:xsi="http://www.w3.org/2001/XMLSchema-instance" xsi:noNamespaceSchemaLocation="https://maven.apache.org/surefire/maven-surefire-plugin/xsd/surefire-test-report-3.0.xsd" version="3.0" name="com.joe.service.impl.UserServiceImplTest" time="0.066" tests="9" errors="0" skipped="0" failures="0">
  <properties>
[...]
</properties>
  <testcase name="checkUser_withNullLoginName_returnsFalse" classname="com.joe.service.impl.UserServiceImplTest" time="0.026"/>
  <testcase name="getUserByLoginName_withNonExistentUser_returnsNull" classname="com.joe.service.impl.UserServiceImplTest" time="0.002"/>
  <testcase name="checkUser_withWrongPassword_returnsFalse" classname="com.joe.service.impl.UserServiceImplTest" time="0.001"/>
  <testcase name="checkUser_withCorrectCredentials_returnsTrue" classname="com.joe.service.impl.UserServiceImplTest" time="0.002"/>
  <testcase name="checkUser_withEmptyLoginName_returnsFalse" classname="com.joe.service.impl.UserServiceImplTest" time="0.002"/>
  <testcase name="checkUser_withNullPassword_returnsFalse" classname="com.joe.service.impl.UserServiceImplTest" time="0.001"/>
  <testcase name="getUserByLoginName_withExistingUser_returnsUser" classname="com.joe.service.impl.UserServiceImplTest" time="0.003"/>
  <testcase name="checkUser_withNonExistentUser_returnsFalse" classname="com.joe.service.impl.UserServiceImplTest" time="0.001"/>
  <testcase name="checkUser_withEmptyPassword_returnsFalse" classname="com.joe.service.impl.UserServiceImplTest" time="0.001"/>
</testsuite>